[0.800s] Invoking command in '/media/bishaldas/Apps/Ros2_4wheel_Control_bot/src/my_robo_controller': DEBUGINFOD_URLS=https://debuginfod.ubuntu.com PYTHONPATH=/media/bishaldas/Apps/Ros2_4wheel_Control_bot/src/build/my_robo_controller/prefix_override:/usr/lib/python3/dist-packages/colcon_core/task/python/colcon_distutils_commands:/media/bishaldas/Apps/Ros2_4wheel_Control_bot/src/install/my_robo_controller/lib/python3.12/site-packages:${PYTHONPATH} /usr/bin/python3 -W ignore:setup.py install is deprecated -W ignore:easy_install command is deprecated setup.py egg_info --egg-base ../build/my_robo_controller build --build-base /media/bishaldas/Apps/Ros2_4wheel_Control_bot/src/build/my_robo_controller/build install --record /media/bishaldas/Apps/Ros2_4wheel_Control_bot/src/build/my_robo_controller/install.log --single-version-externally-managed install_data
[1.158s] running egg_info
[1.168s] writing ../build/my_robo_controller/my_robo_controller.egg-info/PKG-INFO
[1.168s] writing dependency_links to ../build/my_robo_controller/my_robo_controller.egg-info/dependency_links.txt
[1.168s] writing requirements to ../build/my_robo_controller/my_robo_controller.egg-info/requires.txt
[1.168s] writing top-level names to ../build/my_robo_controller/my_robo_controller.egg-info/top_level.txt
[1.188s] reading manifest file '../build/my_robo_controller/my_robo_controller.egg-info/SOURCES.txt'
[1.188s] writing manifest file '../build/my_robo_controller/my_robo_controller.egg-info/SOURCES.txt'
[1.188s] running build
[1.188s] running build_py
[1.189s] running install
[1.192s] running install_lib
[1.202s] running install_data
[1.203s] copying package.xml -> /media/bishaldas/Apps/Ros2_4wheel_Control_bot/src/install/my_robo_controller/share/my_robo_controller
[1.203s] copying launch/launch.py -> /media/bishaldas/Apps/Ros2_4wheel_Control_bot/src/install/my_robo_controller/share/my_robo_controller/launch
[1.203s] copying urdf/mobile_base.xacro -> /media/bishaldas/Apps/Ros2_4wheel_Control_bot/src/install/my_robo_controller/share/my_robo_controller/urdf
[1.203s] running install_egg_info
[1.213s] removing '/media/bishaldas/Apps/Ros2_4wheel_Control_bot/src/install/my_robo_controller/lib/python3.12/site-packages/my_robo_controller-0.0.0-py3.12.egg-info' (and everything under it)
[1.213s] Copying ../build/my_robo_controller/my_robo_controller.egg-info to /media/bishaldas/Apps/Ros2_4wheel_Control_bot/src/install/my_robo_controller/lib/python3.12/site-packages/my_robo_controller-0.0.0-py3.12.egg-info
[1.214s] running install_scripts
[1.284s] writing list of installed files to '/media/bishaldas/Apps/Ros2_4wheel_Control_bot/src/build/my_robo_controller/install.log'
[1.303s] Invoked command in '/media/bishaldas/Apps/Ros2_4wheel_Control_bot/src/my_robo_controller' returned '0': DEBUGINFOD_URLS=https://debuginfod.ubuntu.com PYTHONPATH=/media/bishaldas/Apps/Ros2_4wheel_Control_bot/src/build/my_robo_controller/prefix_override:/usr/lib/python3/dist-packages/colcon_core/task/python/colcon_distutils_commands:/media/bishaldas/Apps/Ros2_4wheel_Control_bot/src/install/my_robo_controller/lib/python3.12/site-packages:${PYTHONPATH} /usr/bin/python3 -W ignore:setup.py install is deprecated -W ignore:easy_install command is deprecated setup.py egg_info --egg-base ../build/my_robo_controller build --build-base /media/bishaldas/Apps/Ros2_4wheel_Control_bot/src/build/my_robo_controller/build install --record /media/bishaldas/Apps/Ros2_4wheel_Control_bot/src/build/my_robo_controller/install.log --single-version-externally-managed install_data
