running egg_info
writing ../../build/my_robo_controller/my_robo_controller.egg-info/PKG-INFO
writing dependency_links to ../../build/my_robo_controller/my_robo_controller.egg-info/dependency_links.txt
writing requirements to ../../build/my_robo_controller/my_robo_controller.egg-info/requires.txt
writing top-level names to ../../build/my_robo_controller/my_robo_controller.egg-info/top_level.txt
reading manifest file '../../build/my_robo_controller/my_robo_controller.egg-info/SOURCES.txt'
writing manifest file '../../build/my_robo_controller/my_robo_controller.egg-info/SOURCES.txt'
running build
running build_py
copying my_robo_controller/launch.py -> /media/bishaldas/Apps/Ros2_4wheel_Control_bot/build/my_robo_controller/build/lib/my_robo_controller
running install
running install_lib
copying /media/bishaldas/Apps/Ros2_4wheel_Control_bot/build/my_robo_controller/build/lib/my_robo_controller/launch.py -> /media/bishaldas/Apps/Ros2_4wheel_Control_bot/install/my_robo_controller/lib/python3.12/site-packages/my_robo_controller
byte-compiling /media/bishaldas/Apps/Ros2_4wheel_Control_bot/install/my_robo_controller/lib/python3.12/site-packages/my_robo_controller/launch.py to launch.cpython-312.pyc
running install_data
copying urdf/mobile_base.xacro -> /media/bishaldas/Apps/Ros2_4wheel_Control_bot/install/my_robo_controller/share/my_robo_controller/urdf
running install_egg_info
removing '/media/bishaldas/Apps/Ros2_4wheel_Control_bot/install/my_robo_controller/lib/python3.12/site-packages/my_robo_controller-0.0.0-py3.12.egg-info' (and everything under it)
Copying ../../build/my_robo_controller/my_robo_controller.egg-info to /media/bishaldas/Apps/Ros2_4wheel_Control_bot/install/my_robo_controller/lib/python3.12/site-packages/my_robo_controller-0.0.0-py3.12.egg-info
running install_scripts
writing list of installed files to '/media/bishaldas/Apps/Ros2_4wheel_Control_bot/build/my_robo_controller/install.log'
