[1.733s] Invoking command in '/media/bishaldas/Apps/Ros2_4wheel_Control_bot/src/my_robo_controller': DEBUGINFOD_URLS=https://debuginfod.ubuntu.com PYTHONPATH=/media/bishaldas/Apps/Ros2_4wheel_Control_bot/build/my_robo_controller/prefix_override:/usr/lib/python3/dist-packages/colcon_core/task/python/colcon_distutils_commands:/media/bishaldas/Apps/Ros2_4wheel_Control_bot/install/my_robo_controller/lib/python3.12/site-packages:${PYTHONPATH} /usr/bin/python3 -W ignore:setup.py install is deprecated -W ignore:easy_install command is deprecated setup.py egg_info --egg-base ../../build/my_robo_controller build --build-base /media/bishaldas/Apps/Ros2_4wheel_Control_bot/build/my_robo_controller/build install --record /media/bishaldas/Apps/Ros2_4wheel_Control_bot/build/my_robo_controller/install.log --single-version-externally-managed install_data
[2.206s] running egg_info
[2.232s] writing ../../build/my_robo_controller/my_robo_controller.egg-info/PKG-INFO
[2.235s] writing dependency_links to ../../build/my_robo_controller/my_robo_controller.egg-info/dependency_links.txt
[2.235s] writing requirements to ../../build/my_robo_controller/my_robo_controller.egg-info/requires.txt
[2.235s] writing top-level names to ../../build/my_robo_controller/my_robo_controller.egg-info/top_level.txt
[2.292s] reading manifest file '../../build/my_robo_controller/my_robo_controller.egg-info/SOURCES.txt'
[2.294s] writing manifest file '../../build/my_robo_controller/my_robo_controller.egg-info/SOURCES.txt'
[2.294s] running build
[2.295s] running build_py
[2.296s] running install
[2.307s] running install_lib
[2.337s] running install_data
[2.339s] copying urdf/my_roboBody.xacro -> /media/bishaldas/Apps/Ros2_4wheel_Control_bot/install/my_robo_controller/share/my_robo_controller/urdf
[2.340s] copying urdf/mobile_base_gazebo.xacro -> /media/bishaldas/Apps/Ros2_4wheel_Control_bot/install/my_robo_controller/share/my_robo_controller/urdf
[2.340s] copying urdf/material.xacro -> /media/bishaldas/Apps/Ros2_4wheel_Control_bot/install/my_robo_controller/share/my_robo_controller/urdf
[2.340s] running install_egg_info
[2.369s] removing '/media/bishaldas/Apps/Ros2_4wheel_Control_bot/install/my_robo_controller/lib/python3.12/site-packages/my_robo_controller-0.0.0-py3.12.egg-info' (and everything under it)
[2.369s] Copying ../../build/my_robo_controller/my_robo_controller.egg-info to /media/bishaldas/Apps/Ros2_4wheel_Control_bot/install/my_robo_controller/lib/python3.12/site-packages/my_robo_controller-0.0.0-py3.12.egg-info
[2.371s] running install_scripts
[2.561s] writing list of installed files to '/media/bishaldas/Apps/Ros2_4wheel_Control_bot/build/my_robo_controller/install.log'
[2.604s] Invoked command in '/media/bishaldas/Apps/Ros2_4wheel_Control_bot/src/my_robo_controller' returned '0': DEBUGINFOD_URLS=https://debuginfod.ubuntu.com PYTHONPATH=/media/bishaldas/Apps/Ros2_4wheel_Control_bot/build/my_robo_controller/prefix_override:/usr/lib/python3/dist-packages/colcon_core/task/python/colcon_distutils_commands:/media/bishaldas/Apps/Ros2_4wheel_Control_bot/install/my_robo_controller/lib/python3.12/site-packages:${PYTHONPATH} /usr/bin/python3 -W ignore:setup.py install is deprecated -W ignore:easy_install command is deprecated setup.py egg_info --egg-base ../../build/my_robo_controller build --build-base /media/bishaldas/Apps/Ros2_4wheel_Control_bot/build/my_robo_controller/build install --record /media/bishaldas/Apps/Ros2_4wheel_Control_bot/build/my_robo_controller/install.log --single-version-externally-managed install_data
