running egg_info
creating ../../build/my_robo_controller/my_robo_controller.egg-info
writing ../../build/my_robo_controller/my_robo_controller.egg-info/PKG-INFO
writing dependency_links to ../../build/my_robo_controller/my_robo_controller.egg-info/dependency_links.txt
writing requirements to ../../build/my_robo_controller/my_robo_controller.egg-info/requires.txt
writing top-level names to ../../build/my_robo_controller/my_robo_controller.egg-info/top_level.txt
writing manifest file '../../build/my_robo_controller/my_robo_controller.egg-info/SOURCES.txt'
reading manifest file '../../build/my_robo_controller/my_robo_controller.egg-info/SOURCES.txt'
writing manifest file '../../build/my_robo_controller/my_robo_controller.egg-info/SOURCES.txt'
running build
running build_py
creating /media/bishaldas/Apps/Ros2_4wheel_Control_bot/build/my_robo_controller/build
creating /media/bishaldas/Apps/Ros2_4wheel_Control_bot/build/my_robo_controller/build/lib
creating /media/bishaldas/Apps/Ros2_4wheel_Control_bot/build/my_robo_controller/build/lib/my_robo_controller
copying my_robo_controller/__init__.py -> /media/bishaldas/Apps/Ros2_4wheel_Control_bot/build/my_robo_controller/build/lib/my_robo_controller
running install
running install_lib
creating /media/bishaldas/Apps/Ros2_4wheel_Control_bot/install/my_robo_controller/lib/python3.12/site-packages/my_robo_controller
copying /media/bishaldas/Apps/Ros2_4wheel_Control_bot/build/my_robo_controller/build/lib/my_robo_controller/__init__.py -> /media/bishaldas/Apps/Ros2_4wheel_Control_bot/install/my_robo_controller/lib/python3.12/site-packages/my_robo_controller
byte-compiling /media/bishaldas/Apps/Ros2_4wheel_Control_bot/install/my_robo_controller/lib/python3.12/site-packages/my_robo_controller/__init__.py to __init__.cpython-312.pyc
running install_data
creating /media/bishaldas/Apps/Ros2_4wheel_Control_bot/install/my_robo_controller/share/ament_index
creating /media/bishaldas/Apps/Ros2_4wheel_Control_bot/install/my_robo_controller/share/ament_index/resource_index
creating /media/bishaldas/Apps/Ros2_4wheel_Control_bot/install/my_robo_controller/share/ament_index/resource_index/packages
copying resource/my_robo_controller -> /media/bishaldas/Apps/Ros2_4wheel_Control_bot/install/my_robo_controller/share/ament_index/resource_index/packages
copying package.xml -> /media/bishaldas/Apps/Ros2_4wheel_Control_bot/install/my_robo_controller/share/my_robo_controller
running install_egg_info
Copying ../../build/my_robo_controller/my_robo_controller.egg-info to /media/bishaldas/Apps/Ros2_4wheel_Control_bot/install/my_robo_controller/lib/python3.12/site-packages/my_robo_controller-0.0.0-py3.12.egg-info
running install_scripts
writing list of installed files to '/media/bishaldas/Apps/Ros2_4wheel_Control_bot/build/my_robo_controller/install.log'
