[1.043s] Invoking command in '/media/bishaldas/Apps/Ros2_4wheel_Control_bot/src/my_robo_controller': DEBUGINFOD_URLS=https://debuginfod.ubuntu.com PYTHONPATH=/media/bishaldas/Apps/Ros2_4wheel_Control_bot/build/my_robo_controller/prefix_override:/usr/lib/python3/dist-packages/colcon_core/task/python/colcon_distutils_commands:/media/bishaldas/Apps/Ros2_4wheel_Control_bot/install/my_robo_controller/lib/python3.12/site-packages:${PYTHONPATH} /usr/bin/python3 -W ignore:setup.py install is deprecated -W ignore:easy_install command is deprecated setup.py egg_info --egg-base ../../build/my_robo_controller build --build-base /media/bishaldas/Apps/Ros2_4wheel_Control_bot/build/my_robo_controller/build install --record /media/bishaldas/Apps/Ros2_4wheel_Control_bot/build/my_robo_controller/install.log --single-version-externally-managed install_data
[1.283s] running egg_info
[1.283s] creating ../../build/my_robo_controller/my_robo_controller.egg-info
[1.315s] writing ../../build/my_robo_controller/my_robo_controller.egg-info/PKG-INFO
[1.315s] writing dependency_links to ../../build/my_robo_controller/my_robo_controller.egg-info/dependency_links.txt
[1.315s] writing requirements to ../../build/my_robo_controller/my_robo_controller.egg-info/requires.txt
[1.316s] writing top-level names to ../../build/my_robo_controller/my_robo_controller.egg-info/top_level.txt
[1.316s] writing manifest file '../../build/my_robo_controller/my_robo_controller.egg-info/SOURCES.txt'
[1.347s] reading manifest file '../../build/my_robo_controller/my_robo_controller.egg-info/SOURCES.txt'
[1.347s] writing manifest file '../../build/my_robo_controller/my_robo_controller.egg-info/SOURCES.txt'
[1.347s] running build
[1.347s] running build_py
[1.347s] creating /media/bishaldas/Apps/Ros2_4wheel_Control_bot/build/my_robo_controller/build
[1.347s] creating /media/bishaldas/Apps/Ros2_4wheel_Control_bot/build/my_robo_controller/build/lib
[1.347s] creating /media/bishaldas/Apps/Ros2_4wheel_Control_bot/build/my_robo_controller/build/lib/my_robo_controller
[1.348s] copying my_robo_controller/__init__.py -> /media/bishaldas/Apps/Ros2_4wheel_Control_bot/build/my_robo_controller/build/lib/my_robo_controller
[1.348s] running install
[1.352s] running install_lib
[1.362s] creating /media/bishaldas/Apps/Ros2_4wheel_Control_bot/install/my_robo_controller/lib/python3.12/site-packages/my_robo_controller
[1.362s] copying /media/bishaldas/Apps/Ros2_4wheel_Control_bot/build/my_robo_controller/build/lib/my_robo_controller/__init__.py -> /media/bishaldas/Apps/Ros2_4wheel_Control_bot/install/my_robo_controller/lib/python3.12/site-packages/my_robo_controller
[1.362s] byte-compiling /media/bishaldas/Apps/Ros2_4wheel_Control_bot/install/my_robo_controller/lib/python3.12/site-packages/my_robo_controller/__init__.py to __init__.cpython-312.pyc
[1.362s] running install_data
[1.362s] creating /media/bishaldas/Apps/Ros2_4wheel_Control_bot/install/my_robo_controller/share/ament_index
[1.362s] creating /media/bishaldas/Apps/Ros2_4wheel_Control_bot/install/my_robo_controller/share/ament_index/resource_index
[1.362s] creating /media/bishaldas/Apps/Ros2_4wheel_Control_bot/install/my_robo_controller/share/ament_index/resource_index/packages
[1.362s] copying resource/my_robo_controller -> /media/bishaldas/Apps/Ros2_4wheel_Control_bot/install/my_robo_controller/share/ament_index/resource_index/packages
[1.363s] copying package.xml -> /media/bishaldas/Apps/Ros2_4wheel_Control_bot/install/my_robo_controller/share/my_robo_controller
[1.363s] running install_egg_info
[1.374s] Copying ../../build/my_robo_controller/my_robo_controller.egg-info to /media/bishaldas/Apps/Ros2_4wheel_Control_bot/install/my_robo_controller/lib/python3.12/site-packages/my_robo_controller-0.0.0-py3.12.egg-info
[1.374s] running install_scripts
[1.450s] writing list of installed files to '/media/bishaldas/Apps/Ros2_4wheel_Control_bot/build/my_robo_controller/install.log'
[1.468s] Invoked command in '/media/bishaldas/Apps/Ros2_4wheel_Control_bot/src/my_robo_controller' returned '0': DEBUGINFOD_URLS=https://debuginfod.ubuntu.com PYTHONPATH=/media/bishaldas/Apps/Ros2_4wheel_Control_bot/build/my_robo_controller/prefix_override:/usr/lib/python3/dist-packages/colcon_core/task/python/colcon_distutils_commands:/media/bishaldas/Apps/Ros2_4wheel_Control_bot/install/my_robo_controller/lib/python3.12/site-packages:${PYTHONPATH} /usr/bin/python3 -W ignore:setup.py install is deprecated -W ignore:easy_install command is deprecated setup.py egg_info --egg-base ../../build/my_robo_controller build --build-base /media/bishaldas/Apps/Ros2_4wheel_Control_bot/build/my_robo_controller/build install --record /media/bishaldas/Apps/Ros2_4wheel_Control_bot/build/my_robo_controller/install.log --single-version-externally-managed install_data
